app/build/intermediates/manifest_merge_blame_file/release/manifest-merger-blame-release-report.txt
1<?xml version="1.0" encoding="utf-8"?>
2<manifest xmlns:android="http://schemas.android.com/apk/res/android"
3    package="progetto.pertosa"
4    android:versionCode="1"
5    android:versionName="1.0" >
6
7    <uses-sdk
8        android:minSdkVersion="24"
8-->src\main\AndroidManifest.xml
9        android:targetSdkVersion="30" />
9-->src\main\AndroidManifest.xml
10
11    <uses-permission android:name="android.permission.CALL_PHONE" />
11-->src\main\AndroidManifest.xml:8:5-69
11-->src\main\AndroidManifest.xml:8:22-66
12    <uses-permission android:name="android.permission.INTERNET" />
12-->src\main\AndroidManifest.xml:9:5-67
12-->src\main\AndroidManifest.xml:9:22-64
13
14    <application
14-->src\main\AndroidManifest.xml:11:5-42:19
15        android:name="progetto.pertosa.Applicazione"
15-->src\main\AndroidManifest.xml:12:9-53
16        android:allowBackup="true"
16-->src\main\AndroidManifest.xml:13:9-35
17        android:appComponentFactory="androidx.core.app.CoreComponentFactory"
17-->[androidx.core:core:1.3.1] AndroidManifest.xml:24:18-86
18        android:extractNativeLibs="false"
19        android:icon="@mipmap/ic_launcher"
19-->src\main\AndroidManifest.xml:14:9-43
20        android:label="@string/app_name"
20-->src\main\AndroidManifest.xml:15:9-41
21        android:largeHeap="true"
21-->src\main\AndroidManifest.xml:16:9-33
22        android:theme="@style/Theme.Design.Light.NoActionBar"
22-->src\main\AndroidManifest.xml:17:9-62
23        android:usesCleartextTraffic="true" >
23-->src\main\AndroidManifest.xml:18:9-44
24        <activity
24-->src\main\AndroidManifest.xml:20:9-28:20
25            android:name="progetto.pertosa.activity.ActivityPrincipale"
25-->src\main\AndroidManifest.xml:21:13-72
26            android:label="@string/app_name" >
26-->src\main\AndroidManifest.xml:22:13-45
27            <intent-filter>
27-->src\main\AndroidManifest.xml:23:13-27:29
28                <action android:name="android.intent.action.MAIN" />
28-->src\main\AndroidManifest.xml:24:17-69
28-->src\main\AndroidManifest.xml:24:25-66
29
30                <category android:name="android.intent.category.LAUNCHER" />
30-->src\main\AndroidManifest.xml:26:17-77
30-->src\main\AndroidManifest.xml:26:27-74
31            </intent-filter>
32        </activity>
33        <activity android:name="progetto.pertosa.activity.ActivityProgetto" />
33-->src\main\AndroidManifest.xml:29:9-78
33-->src\main\AndroidManifest.xml:29:19-76
34        <activity android:name="progetto.pertosa.activity.ActivityComeRaggiungerci" />
34-->src\main\AndroidManifest.xml:30:9-86
34-->src\main\AndroidManifest.xml:30:19-84
35        <activity android:name="progetto.pertosa.activity.ActivityCosaVisitare" />
35-->src\main\AndroidManifest.xml:31:9-82
35-->src\main\AndroidManifest.xml:31:19-80
36        <activity android:name="progetto.pertosa.activity.ActivityEventi" />
36-->src\main\AndroidManifest.xml:32:9-76
36-->src\main\AndroidManifest.xml:32:19-74
37        <activity android:name="progetto.pertosa.activity.ActivityRistoro" />
37-->src\main\AndroidManifest.xml:33:9-77
37-->src\main\AndroidManifest.xml:33:19-75
38        <activity android:name="progetto.pertosa.activity.ActivityAltriAttrattori" />
38-->src\main\AndroidManifest.xml:34:9-85
38-->src\main\AndroidManifest.xml:34:19-83
39        <activity android:name="progetto.pertosa.activity.ActivityGrotteDiPertosa" />
39-->src\main\AndroidManifest.xml:35:9-85
39-->src\main\AndroidManifest.xml:35:19-83
40        <activity android:name="progetto.pertosa.activity.ActivityMuseoDelSuolo" />
40-->src\main\AndroidManifest.xml:36:9-83
40-->src\main\AndroidManifest.xml:36:19-81
41        <activity android:name="progetto.pertosa.activity.ActivityMuseoSpeleoArcheologico" />
41-->src\main\AndroidManifest.xml:37:9-93
41-->src\main\AndroidManifest.xml:37:19-91
42
43        <meta-data
43-->src\main\AndroidManifest.xml:39:9-41:57
44            android:name="preloaded_fonts"
44-->src\main\AndroidManifest.xml:40:13-43
45            android:resource="@array/preloaded_fonts" />
45-->src\main\AndroidManifest.xml:41:13-54
46    </application>
47
48</manifest>